<?xml version="1.0" encoding="UTF-8"?>
<testsuite xmlns:xsi="http://www.w3.org/2001/XMLSchema-instance" xsi:noNamespaceSchemaLocation="https://maven.apache.org/surefire/maven-surefire-plugin/xsd/surefire-test-report.xsd" name="runner.TestRunner" time="2.707" tests="2" errors="2" skipped="0" failures="0">
  <properties>
[...]
</properties>
  <testcase name="User verify currency values change" classname="Home Page" time="0.229">
    <error message="Cannot invoke &quot;org.openqa.selenium.SearchContext.findElement(org.openqa.selenium.By)&quot; because &quot;this.searchContext&quot; is null" type="java.lang.NullPointerException">java.lang.NullPointerException: Cannot invoke "org.openqa.selenium.SearchContext.findElement(org.openqa.selenium.By)" because "this.searchContext" is null
</error>
    <system-out><![CDATA[
@homePage
Scenario: User verify currency values change # features/HomePage.feature:8
  Given user is on Retail home Page          # HomePageStepDefinition.HomePageStepDefinition.user_is_on_retail_home_page()
      java.lang.NullPointerException: Cannot invoke "org.openqa.selenium.SearchContext.findElement(org.openqa.selenium.By)" because "this.searchContext" is null
	at org.openqa.selenium.support.pagefactory.DefaultElementLocator.findElement(DefaultElementLocator.java:69)
	at org.openqa.selenium.support.pagefactory.internal.LocatingElementHandler.invoke(LocatingElementHandler.java:38)
	at jdk.proxy2/jdk.proxy2.$Proxy18.click(Unknown Source)
	at page.objects.HomePageObject.userOnHomepage(HomePageObject.java:29)
	at HomePageStepDefinition.HomePageStepDefinition.user_is_on_retail_home_page(HomePageStepDefinition.java:15)
	at âœ½.user is on Retail home Page(classpath:features/HomePage.feature:5)

  When User click on Currency                # HomePageStepDefinition.HomePageStepDefinition.user_click_on_currency()
  And User Chose Euro from dropdown          # HomePageStepDefinition.HomePageStepDefinition.user_chose_euro_from_dropdown()
  Then currency value should change to Euro  # HomePageStepDefinition.HomePageStepDefinition.currency_value_should_change_to_euro()
]]></system-out>
  </testcase>
  <testcase name="User empty Shopping cart message displays" classname="Home Page" time="0.016">
    <error message="Cannot invoke &quot;org.openqa.selenium.SearchContext.findElement(org.openqa.selenium.By)&quot; because &quot;this.searchContext&quot; is null" type="java.lang.NullPointerException">java.lang.NullPointerException: Cannot invoke "org.openqa.selenium.SearchContext.findElement(org.openqa.selenium.By)" because "this.searchContext" is null
</error>
    <system-out><![CDATA[
@homePage
Scenario: User empty Shopping cart message displays          # features/HomePage.feature:14
  Given user is on Retail home Page                          # HomePageStepDefinition.HomePageStepDefinition.user_is_on_retail_home_page()
      java.lang.NullPointerException: Cannot invoke "org.openqa.selenium.SearchContext.findElement(org.openqa.selenium.By)" because "this.searchContext" is null
	at org.openqa.selenium.support.pagefactory.DefaultElementLocator.findElement(DefaultElementLocator.java:69)
	at org.openqa.selenium.support.pagefactory.internal.LocatingElementHandler.invoke(LocatingElementHandler.java:38)
	at jdk.proxy2/jdk.proxy2.$Proxy18.click(Unknown Source)
	at page.objects.HomePageObject.userOnHomepage(HomePageObject.java:29)
	at HomePageStepDefinition.HomePageStepDefinition.user_is_on_retail_home_page(HomePageStepDefinition.java:15)
	at âœ½.user is on Retail home Page(classpath:features/HomePage.feature:5)

  When User click on shopping cart                           # HomePageStepDefinition.HomePageStepDefinition.user_click_on_shopping_cart()
  Then â€œYour shopping cart is empty!â€� message should display # HomePageStepDefinition.HomePageStepDefinition.your_shopping_cart_is_empty_message_should_display()
]]></system-out>
  </testcase>
</testsuite>